C51 COMPILER V9.60.0.0   MAIN                                                              10/13/2022 12:12:43 PAGE 1   


C51 COMPILER V9.60.0.0, COMPILATION OF MODULE MAIN
OBJECT MODULE PLACED IN .\Objects\main.obj
COMPILER INVOKED BY: C:\Keil_v5\C51\BIN\C51.EXE main.c OMF2 OPTIMIZE(8,SPEED) BROWSE DEBUG PRINT(.\Listings\main.lst) TA
                    -BS(2) OBJECT(.\Objects\main.obj)

line level    source

   1          
   2          #include <stdio.h>
   3          #include "..\\stdint.h"
*** WARNING C322 IN LINE 36 OF ..\\stdint.h: unknown identifier
   4          
   5          #include "REG_MPC82G516.h"
   6          
   7          #include "..\\Delay.H"
   8          
   9          #include "main.h"
  10          #include "master.h"
  11          
  12          int word = 0;
  13          int i = 0;
  14          int coil = 0;
  15          
  16          void Serial_Init(void)
  17          {
  18   1          RS485En = 0; // set for rx
  19   1      
  20   1          TMOD = 0x20;
  21   1          TH1 = TIMER_HIGHT;
  22   1          TL1 = TIMER_LOW; // 2400 BAUDS
  23   1          TR1 = 1;
  24   1          SCON = 0x50; // mode 1 8 bits 1 start, 8 data, 1 stop
  25   1      
  26   1          ES = 1;
  27   1      }
  28          
  29          //void delay_ms(unsigned int d)
  30          //{
  31          //    int k = 0;
  32          //    int s = 0;
  33          //
  34          //    for (k = 0; k < d; k++)
  35          //    {
  36          //        s++;
  37          //    }
  38          //}
  39          
  40          void tx_byte(char byte) // transmit a single byte
  41          {
  42   1          TI = 0;
  43   1          TB8 = 0;
  44   1          SBUF = byte;
  45   1      
  46   1          while (!TI)
  47   1          {
  48   2              // null
  49   2          }
  50   1      }
  51          
  52          void SerialPortInt(void) interrupt 4
  53          {
C51 COMPILER V9.60.0.0   MAIN                                                              10/13/2022 12:12:43 PAGE 2   

  54   1          if (TI == 1)
  55   1          {
  56   2              TI = 0;
  57   2              if (RS485En == 0)
  58   2              {
  59   3                  return;
  60   3              }
  61   2      
  62   2              if (send_count < data_count)
  63   2              {
  64   3                  delay_ms(100);
  65   3                  SBUF = ascii_frame[send_count++];
  66   3              }
  67   2              else
  68   2              {
  69   3                  clear_frame();
  70   3              }
  71   2          }
  72   1          else if (RI == 1)
  73   1          {
  74   2              RI = 0;
  75   2          }
  76   1      }
  77          
  78          void main(void)
  79          {
  80   1          Serial_Init();
  81   1      
  82   1          word = 0;
  83   1          EA = 1;
  84   1          delay_ms(100000);
  85   1      
  86   1          while (1)
  87   1          {
  88   2              PresetSingleRegister_06(5, 1, word);
  89   2              word++;
  90   2              if (word == 20)
  91   2              {
  92   3                  word = 0;
  93   3              }
  94   2      
  95   2              delay_ms(100000);
  96   2      
  97   2              // ForceSingleCoil_05(5, 1, coil);
  98   2      
  99   2              if (coil == 0)
 100   2              {
 101   3                  coil = 1;
 102   3              }
 103   2              else
 104   2              {
 105   3                  coil = 0;
 106   3              }
 107   2      
 108   2              delay_ms(100000);
 109   2              PresetSingleRegister_06(5, 2, 5);
 110   2      
 111   2              delay_ms(100000);
 112   2          }
 113   1      }


C51 COMPILER V9.60.0.0   MAIN                                                              10/13/2022 12:12:43 PAGE 3   

MODULE INFORMATION:   STATIC OVERLAYABLE
   CODE SIZE        =    236    ----
   CONSTANT SIZE    =   ----    ----
   XDATA SIZE       =   ----    ----
   PDATA SIZE       =   ----    ----
   DATA SIZE        =      6    ----
   IDATA SIZE       =   ----    ----
   BIT SIZE         =   ----    ----
   EDATA SIZE       =   ----    ----
   HDATA SIZE       =   ----    ----
   XDATA CONST SIZE =   ----    ----
   FAR CONST SIZE   =   ----    ----
END OF MODULE INFORMATION.


C51 COMPILATION COMPLETE.  1 WARNING(S),  0 ERROR(S)
